Building in: C:\Users\ahmet\workspace\ESP_STM32_OTA\build
cmake --build . -- -v
-- Building ESP-IDF components for target esp32
-- Project sdkconfig file C:/Users/ahmet/workspace/ESP_STM32_OTA/sdkconfig
-- Compiler supported targets: xtensa-esp-elf
-- App "app-template" version: 5824d28-dirty
-- Adding linker script C:/Users/ahmet/workspace/ESP_STM32_OTA/build/esp-idf/esp_system/ld/memory.ld
-- Adding linker script C:/Users/ahmet/workspace/ESP_STM32_OTA/build/esp-idf/esp_system/ld/sections.ld.in
-- Adding linker script C:/Espressif/frameworks/esp-idf-v5.3.1/components/esp_rom/esp32/ld/esp32.rom.ld
-- Adding linker script C:/Espressif/frameworks/esp-idf-v5.3.1/components/esp_rom/esp32/ld/esp32.rom.api.ld
-- Adding linker script C:/Espressif/frameworks/esp-idf-v5.3.1/components/esp_rom/esp32/ld/esp32.rom.libgcc.ld
-- Adding linker script C:/Espressif/frameworks/esp-idf-v5.3.1/components/esp_rom/esp32/ld/esp32.rom.newlib-data.ld
-- Adding linker script C:/Espressif/frameworks/esp-idf-v5.3.1/components/esp_rom/esp32/ld/esp32.rom.syscalls.ld
-- Adding linker script C:/Espressif/frameworks/esp-idf-v5.3.1/components/esp_rom/esp32/ld/esp32.rom.newlib-funcs.ld
-- Adding linker script C:/Espressif/frameworks/esp-idf-v5.3.1/components/soc/esp32/ld/esp32.peripherals.ld
-- Components: app_trace app_update bootloader bootloader_support bt cmock console cxx driver efuse esp-tls esp_adc esp_app_format esp_bootloader_format esp_coex esp_common esp_driver_ana_cmpr esp_driver_cam esp_driver_dac esp_driver_gpio esp_driver_gptimer esp_driver_i2c esp_driver_i2s esp_driver_isp esp_driver_jpeg esp_driver_ledc esp_driver_mcpwm esp_driver_parlio esp_driver_pcnt esp_driver_ppa esp_driver_rmt esp_driver_sdio esp_driver_sdm esp_driver_sdmmc esp_driver_sdspi esp_driver_spi esp_driver_touch_sens esp_driver_tsens esp_driver_uart esp_driver_usb_serial_jtag esp_eth esp_event esp_gdbstub esp_hid esp_http_client esp_http_server esp_https_ota esp_https_server esp_hw_support esp_lcd esp_local_ctrl esp_mm esp_netif esp_netif_stack esp_partition esp_phy esp_pm esp_psram esp_ringbuf esp_rom esp_system esp_timer esp_vfs_console esp_wifi espcoredump esptool_py fatfs freertos hal heap http_parser idf_test ieee802154 json log lwip main mbedtls mqtt newlib nvs_flash nvs_sec_provider openthread partition_table perfmon protobuf-c protocomm pthread sdmmc soc spi_flash spiffs tcp_transport ulp unity usb vfs wear_levelling wifi_provisioning wpa_supplicant xtensa
-- Component paths: C:/Espressif/frameworks/esp-idf-v5.3.1/components/app_trace C:/Espressif/frameworks/esp-idf-v5.3.1/components/app_update C:/Espressif/frameworks/esp-idf-v5.3.1/components/bootloader C:/Espressif/frameworks/esp-idf-v5.3.1/components/bootloader_support C:/Espressif/frameworks/esp-idf-v5.3.1/components/bt C:/Espressif/frameworks/esp-idf-v5.3.1/components/cmock C:/Espressif/frameworks/esp-idf-v5.3.1/components/console C:/Espressif/frameworks/esp-idf-v5.3.1/components/cxx C:/Espressif/frameworks/esp-idf-v5.3.1/components/driver C:/Espressif/frameworks/esp-idf-v5.3.1/components/efuse C:/Espressif/frameworks/esp-idf-v5.3.1/components/esp-tls C:/Espressif/frameworks/esp-idf-v5.3.1/components/esp_adc C:/Espressif/frameworks/esp-idf-v5.3.1/components/esp_app_format C:/Espressif/frameworks/esp-idf-v5.3.1/components/esp_bootloader_format C:/Espressif/frameworks/esp-idf-v5.3.1/components/esp_coex C:/Espressif/frameworks/esp-idf-v5.3.1/components/esp_common C:/Espressif/frameworks/esp-idf-v5.3.1/components/esp_driver_ana_cmpr C:/Espressif/frameworks/esp-idf-v5.3.1/components/esp_driver_cam C:/Espressif/frameworks/esp-idf-v5.3.1/components/esp_driver_dac C:/Espressif/frameworks/esp-idf-v5.3.1/components/esp_driver_gpio C:/Espressif/frameworks/esp-idf-v5.3.1/components/esp_driver_gptimer C:/Espressif/frameworks/esp-idf-v5.3.1/components/esp_driver_i2c C:/Espressif/frameworks/esp-idf-v5.3.1/components/esp_driver_i2s C:/Espressif/frameworks/esp-idf-v5.3.1/components/esp_driver_isp C:/Espressif/frameworks/esp-idf-v5.3.1/components/esp_driver_jpeg C:/Espressif/frameworks/esp-idf-v5.3.1/components/esp_driver_ledc C:/Espressif/frameworks/esp-idf-v5.3.1/components/esp_driver_mcpwm C:/Espressif/frameworks/esp-idf-v5.3.1/components/esp_driver_parlio C:/Espressif/frameworks/esp-idf-v5.3.1/components/esp_driver_pcnt C:/Espressif/frameworks/esp-idf-v5.3.1/components/esp_driver_ppa C:/Espressif/frameworks/esp-idf-v5.3.1/components/esp_driver_rmt C:/Espressif/frameworks/esp-idf-v5.3.1/components/esp_driver_sdio C:/Espressif/frameworks/esp-idf-v5.3.1/components/esp_driver_sdm C:/Espressif/frameworks/esp-idf-v5.3.1/components/esp_driver_sdmmc C:/Espressif/frameworks/esp-idf-v5.3.1/components/esp_driver_sdspi C:/Espressif/frameworks/esp-idf-v5.3.1/components/esp_driver_spi C:/Espressif/frameworks/esp-idf-v5.3.1/components/esp_driver_touch_sens C:/Espressif/frameworks/esp-idf-v5.3.1/components/esp_driver_tsens C:/Espressif/frameworks/esp-idf-v5.3.1/components/esp_driver_uart C:/Espressif/frameworks/esp-idf-v5.3.1/components/esp_driver_usb_serial_jtag C:/Espressif/frameworks/esp-idf-v5.3.1/components/esp_eth C:/Espressif/frameworks/esp-idf-v5.3.1/components/esp_event C:/Espressif/frameworks/esp-idf-v5.3.1/components/esp_gdbstub C:/Espressif/frameworks/esp-idf-v5.3.1/components/esp_hid C:/Espressif/frameworks/esp-idf-v5.3.1/components/esp_http_client C:/Espressif/frameworks/esp-idf-v5.3.1/components/esp_http_server C:/Espressif/frameworks/esp-idf-v5.3.1/components/esp_https_ota C:/Espressif/frameworks/esp-idf-v5.3.1/components/esp_https_server C:/Espressif/frameworks/esp-idf-v5.3.1/components/esp_hw_support C:/Espressif/frameworks/esp-idf-v5.3.1/components/esp_lcd C:/Espressif/frameworks/esp-idf-v5.3.1/components/esp_local_ctrl C:/Espressif/frameworks/esp-idf-v5.3.1/components/esp_mm C:/Espressif/frameworks/esp-idf-v5.3.1/components/esp_netif C:/Espressif/frameworks/esp-idf-v5.3.1/components/esp_netif_stack C:/Espressif/frameworks/esp-idf-v5.3.1/components/esp_partition C:/Espressif/frameworks/esp-idf-v5.3.1/components/esp_phy C:/Espressif/frameworks/esp-idf-v5.3.1/components/esp_pm C:/Espressif/frameworks/esp-idf-v5.3.1/components/esp_psram C:/Espressif/frameworks/esp-idf-v5.3.1/components/esp_ringbuf C:/Espressif/frameworks/esp-idf-v5.3.1/components/esp_rom C:/Espressif/frameworks/esp-idf-v5.3.1/components/esp_system C:/Espressif/frameworks/esp-idf-v5.3.1/components/esp_timer C:/Espressif/frameworks/esp-idf-v5.3.1/components/esp_vfs_console C:/Espressif/frameworks/esp-idf-v5.3.1/components/esp_wifi C:/Espressif/frameworks/esp-idf-v5.3.1/components/espcoredump C:/Espressif/frameworks/esp-idf-v5.3.1/components/esptool_py C:/Espressif/frameworks/esp-idf-v5.3.1/components/fatfs C:/Espressif/frameworks/esp-idf-v5.3.1/components/freertos C:/Espressif/frameworks/esp-idf-v5.3.1/components/hal C:/Espressif/frameworks/esp-idf-v5.3.1/components/heap C:/Espressif/frameworks/esp-idf-v5.3.1/components/http_parser C:/Espressif/frameworks/esp-idf-v5.3.1/components/idf_test C:/Espressif/frameworks/esp-idf-v5.3.1/components/ieee802154 C:/Espressif/frameworks/esp-idf-v5.3.1/components/json C:/Espressif/frameworks/esp-idf-v5.3.1/components/log C:/Espressif/frameworks/esp-idf-v5.3.1/components/lwip C:/Users/ahmet/workspace/ESP_STM32_OTA/main C:/Espressif/frameworks/esp-idf-v5.3.1/components/mbedtls C:/Espressif/frameworks/esp-idf-v5.3.1/components/mqtt C:/Espressif/frameworks/esp-idf-v5.3.1/components/newlib C:/Espressif/frameworks/esp-idf-v5.3.1/components/nvs_flash C:/Espressif/frameworks/esp-idf-v5.3.1/components/nvs_sec_provider C:/Espressif/frameworks/esp-idf-v5.3.1/components/openthread C:/Espressif/frameworks/esp-idf-v5.3.1/components/partition_table C:/Espressif/frameworks/esp-idf-v5.3.1/components/perfmon C:/Espressif/frameworks/esp-idf-v5.3.1/components/protobuf-c C:/Espressif/frameworks/esp-idf-v5.3.1/components/protocomm C:/Espressif/frameworks/esp-idf-v5.3.1/components/pthread C:/Espressif/frameworks/esp-idf-v5.3.1/components/sdmmc C:/Espressif/frameworks/esp-idf-v5.3.1/components/soc C:/Espressif/frameworks/esp-idf-v5.3.1/components/spi_flash C:/Espressif/frameworks/esp-idf-v5.3.1/components/spiffs C:/Espressif/frameworks/esp-idf-v5.3.1/components/tcp_transport C:/Espressif/frameworks/esp-idf-v5.3.1/components/ulp C:/Espressif/frameworks/esp-idf-v5.3.1/components/unity C:/Espressif/frameworks/esp-idf-v5.3.1/components/usb C:/Espressif/frameworks/esp-idf-v5.3.1/components/vfs C:/Espressif/frameworks/esp-idf-v5.3.1/components/wear_levelling C:/Espressif/frameworks/esp-idf-v5.3.1/components/wifi_provisioning C:/Espressif/frameworks/esp-idf-v5.3.1/components/wpa_supplicant C:/Espressif/frameworks/esp-idf-v5.3.1/components/xtensa
-- Configuring done
-- Generating done
-- Build files have been written to: C:/Users/ahmet/workspace/ESP_STM32_OTA/build
[0/1] C:\Espressif\tools\cmake\3.24.0\bin\cmake.exe --regenerate-during-build -SC:\Users\ahmet\workspace\ESP_STM32_OTA -BC:\Users\ahmet\workspace\ESP_STM32_OTA\build
[1/7] cmd.exe /C "cd /D C:\Users\ahmet\workspace\ESP_STM32_OTA\build\bootloader && C:\Espressif\tools\cmake\3.24.0\bin\cmake.exe --build ."
-- Building ESP-IDF components for target esp32
-- Project sdkconfig file C:/Users/ahmet/workspace/ESP_STM32_OTA/sdkconfig
-- Compiler supported targets: xtensa-esp-elf
-- Adding linker script C:/Espressif/frameworks/esp-idf-v5.3.1/components/soc/esp32/ld/esp32.peripherals.ld
-- Bootloader project name: "bootloader" version: 1
-- Adding linker script C:/Espressif/frameworks/esp-idf-v5.3.1/components/esp_rom/esp32/ld/esp32.rom.ld
-- Adding linker script C:/Espressif/frameworks/esp-idf-v5.3.1/components/esp_rom/esp32/ld/esp32.rom.api.ld
-- Adding linker script C:/Espressif/frameworks/esp-idf-v5.3.1/components/esp_rom/esp32/ld/esp32.rom.libgcc.ld
-- Adding linker script C:/Espressif/frameworks/esp-idf-v5.3.1/components/esp_rom/esp32/ld/esp32.rom.newlib-funcs.ld
-- Adding linker script C:/Espressif/frameworks/esp-idf-v5.3.1/components/bootloader/subproject/main/ld/esp32/bootloader.ld
-- Adding linker script C:/Espressif/frameworks/esp-idf-v5.3.1/components/bootloader/subproject/main/ld/esp32/bootloader.rom.ld
-- Components: bootloader bootloader_support efuse esp_app_format esp_bootloader_format esp_common esp_hw_support esp_rom esp_system esptool_py freertos hal log main micro-ecc newlib partition_table soc spi_flash xtensa
-- Component paths: C:/Espressif/frameworks/esp-idf-v5.3.1/components/bootloader C:/Espressif/frameworks/esp-idf-v5.3.1/components/bootloader_support C:/Espressif/frameworks/esp-idf-v5.3.1/components/efuse C:/Espressif/frameworks/esp-idf-v5.3.1/components/esp_app_format C:/Espressif/frameworks/esp-idf-v5.3.1/components/esp_bootloader_format C:/Espressif/frameworks/esp-idf-v5.3.1/components/esp_common C:/Espressif/frameworks/esp-idf-v5.3.1/components/esp_hw_support C:/Espressif/frameworks/esp-idf-v5.3.1/components/esp_rom C:/Espressif/frameworks/esp-idf-v5.3.1/components/esp_system C:/Espressif/frameworks/esp-idf-v5.3.1/components/esptool_py C:/Espressif/frameworks/esp-idf-v5.3.1/components/freertos C:/Espressif/frameworks/esp-idf-v5.3.1/components/hal C:/Espressif/frameworks/esp-idf-v5.3.1/components/log C:/Espressif/frameworks/esp-idf-v5.3.1/components/bootloader/subproject/main C:/Espressif/frameworks/esp-idf-v5.3.1/components/bootloader/subproject/components/micro-ecc C:/Espressif/frameworks/esp-idf-v5.3.1/components/newlib C:/Espressif/frameworks/esp-idf-v5.3.1/components/partition_table C:/Espressif/frameworks/esp-idf-v5.3.1/components/soc C:/Espressif/frameworks/esp-idf-v5.3.1/components/spi_flash C:/Espressif/frameworks/esp-idf-v5.3.1/components/xtensa
-- Configuring done
-- Generating done
-- Build files have been written to: C:/Users/ahmet/workspace/ESP_STM32_OTA/build/bootloader
[0/1] Re-running CMake...
[1/1] cmd.exe /C "cd /D C:\Users\ahmet\workspace\ESP_STM32_OTA\build\bootloader\esp-idf\esptool_py && C:\Espressif\python_env\idf5.3_py3.11_env\Scripts\python.exe C:/Espressif/frameworks/esp-idf-v5.3.1/components/partition_table/check_sizes.py --offset 0x8000 bootloader 0x1000 C:/Users/ahmet/workspace/ESP_STM32_OTA/build/bootloader/bootloader.bin"

Bootloader binary size 0x6880 bytes. 0x780 bytes (7%) free.


[2/5] esp-idf\esp_system\CMakeFiles\sections.ld-d65dc84.bat f4d104c1bdd5a6a4
[3/5] cmd.exe /C "cd . && C:\Espressif\tools\xtensa-esp-elf\esp-13.2.0_20240530\xtensa-esp-elf\bin\xtensa-esp32-elf-g++.exe -mlongcalls -Wno-frame-address  -fno-builtin-memcpy -fno-builtin-memset -fno-builtin-bzero -fno-builtin-stpcpy -fno-builtin-strncpy -Wl,--cref -Wl,--defsym=IDF_TARGET_ESP32=0 -Wl,--Map=C:/Users/ahmet/workspace/ESP_STM32_OTA/build/app-template.map -Wl,--no-warn-rwx-segments -fno-rtti -fno-lto -Wl,--gc-sections -Wl,--warn-common -T esp32.peripherals.ld -T esp32.rom.ld -T esp32.rom.api.ld -T esp32.rom.libgcc.ld -T esp32.rom.newlib-data.ld -T esp32.rom.syscalls.ld -T esp32.rom.newlib-funcs.ld -T memory.ld -T sections.ld @CMakeFiles\app-template.elf.rsp -o app-template.elf  && cd ."
[4/5] cmd.exe /C "cd /D C:\Users\ahmet\workspace\ESP_STM32_OTA\build && C:\Espressif\python_env\idf5.3_py3.11_env\Scripts\python.exe C:/Espressif/frameworks/esp-idf-v5.3.1/components/esptool_py/esptool/esptool.py --chip esp32 elf2image --flash_mode dio --flash_freq 80m --flash_size 4MB --elf-sha256-offset 0xb0 --min-rev-full 0 --max-rev-full 399 -o C:/Users/ahmet/workspace/ESP_STM32_OTA/build/app-template.bin C:/Users/ahmet/workspace/ESP_STM32_OTA/build/app-template.elf && C:\Espressif\tools\cmake\3.24.0\bin\cmake.exe -E echo "Generated C:/Users/ahmet/workspace/ESP_STM32_OTA/build/app-template.bin" && C:\Espressif\tools\cmake\3.24.0\bin\cmake.exe -E md5sum C:/Users/ahmet/workspace/ESP_STM32_OTA/build/app-template.bin > C:/Users/ahmet/workspace/ESP_STM32_OTA/build/.bin_timestamp"
esptool.py v4.8.1
Creating esp32 image...
Merged 2 ELF sections
Successfully created esp32 image.
Generated C:/Users/ahmet/workspace/ESP_STM32_OTA/build/app-template.bin
[5/5] cmd.exe /C "cd /D C:\Users\ahmet\workspace\ESP_STM32_OTA\build\esp-idf\esptool_py && C:\Espressif\python_env\idf5.3_py3.11_env\Scripts\python.exe C:/Espressif/frameworks/esp-idf-v5.3.1/components/partition_table/check_sizes.py --offset 0x8000 partition --type app C:/Users/ahmet/workspace/ESP_STM32_OTA/build/partition_table/partition-table.bin C:/Users/ahmet/workspace/ESP_STM32_OTA/build/app-template.bin"
app-template.bin binary size 0x17e200 bytes. Smallest app partition is 0x1d0000 bytes. 0x51e00 bytes (18%) free.

Build complete (0 errors, 0 warnings): C:\Users\ahmet\workspace\ESP_STM32_OTA\build
C:\Espressif\python_env\idf5.3_py3.11_env\Scripts\python.exe C:\Espressif\frameworks\esp-idf-v5.3.1\tools\idf_size.py C:/Users/ahmet/workspace/ESP_STM32_OTA/build/app-template.map
                             Memory Type Usage Summary                              
+----------------------------------------------------------------------------------+
| Memory Type/Section   | Used [bytes] | Used [%] | Remain [bytes] | Total [bytes] |
|-----------------------+--------------+----------+----------------+---------------|
| Flash Code            |      1133350 |    33.91 |        2208954 |       3342304 |
|    .text              |      1133350 |    33.91 |                |               |
| Flash Data            |       283780 |     6.77 |        3910492 |       4194272 |
|    .rodata            |       283524 |     6.76 |                |               |
|    .appdesc           |          256 |     0.01 |                |               |
| IRAM                  |       124327 |    94.85 |           6745 |        131072 |
|    .text              |       123299 |    94.07 |                |               |
|    .vectors           |         1027 |     0.78 |                |               |
| DRAM                  |        72148 |    57.91 |          52432 |        124580 |
|    .bss               |        48528 |    38.95 |                |               |
|    .data              |        23620 |    18.96 |                |               |
| RTC SLOW              |           24 |     0.29 |           8168 |          8192 |
|    .rtc_slow_reserved |           24 |     0.29 |                |               |
+----------------------------------------------------------------------------------+
C:\Espressif\python_env\idf5.3_py3.11_env\Scripts\python.exe C:/Espressif/frameworks/esp-idf-v5.3.1/\components\partition_table\gen_esp32part.py C:\Users\ahmet\workspace\ESP_STM32_OTA\build\partition_table\partition-table.bin
Total time taken to build the project: 28.280 ms